31/07/21 18:58:46,32 DEBUG Calling CoUnititialize()
31/07/21 18:58:46,33 DEBUG CoUnititialize() done.
31/07/21 18:59:54,298 INFO lesson started
31/07/21 22:37:10,439 INFO lesson started
31/07/21 22:37:49,483 ERROR an error occurred: 'NoneType' object has no attribute 'shape'
31/07/21 22:37:59,403 DEBUG Calling CoUnititialize()
31/07/21 22:37:59,404 DEBUG CoUnititialize() done.
31/07/21 22:38:46,207 INFO lesson started
31/07/21 22:42:51,68 INFO lesson started
31/07/21 22:44:16,432 INFO lesson started
31/07/21 22:44:48,438 DEBUG Calling CoUnititialize()
31/07/21 22:44:48,439 DEBUG CoUnititialize() done.
31/07/21 22:45:58,291 INFO lesson started
31/07/21 22:46:28,954 DEBUG Starting new HTTPS connection (1): datamanagementapi20210728183549.azurewebsites.net:443
31/07/21 22:46:30,561 DEBUG https://datamanagementapi20210728183549.azurewebsites.net:443 "POST /api/Measurement/ HTTP/1.1" 200 275
31/07/21 22:52:39,536 ERROR Failed in face recognition, due to: OpenCV(4.5.3) C:\Users\runneradmin\AppData\Local\Temp\pip-req-build-u4kjpz2z\opencv\modules\imgproc\src\color.cpp:182: error: (-215:Assertion failed) !_src.empty() in function 'cv::cvtColor'

01/08/21 00:30:34,16 ERROR Failed to detect objects, due to: OpenCV(4.5.3) C:\Users\runneradmin\AppData\Local\Temp\pip-req-build-u4kjpz2z\opencv\modules\imgproc\src\resize.cpp:4051: error: (-215:Assertion failed) !ssize.empty() in function 'cv::resize'

01/08/21 00:33:33,126 ERROR Failed to detect objects, due to: OpenCV(4.5.3) C:\Users\runneradmin\AppData\Local\Temp\pip-req-build-u4kjpz2z\opencv\modules\imgproc\src\resize.cpp:4051: error: (-215:Assertion failed) !ssize.empty() in function 'cv::resize'

01/08/21 00:34:37,432 ERROR Failed to detect objects, due to: OpenCV(4.5.3) C:\Users\runneradmin\AppData\Local\Temp\pip-req-build-u4kjpz2z\opencv\modules\imgproc\src\resize.cpp:4051: error: (-215:Assertion failed) !ssize.empty() in function 'cv::resize'

01/08/21 17:28:46,143 INFO lesson started
01/08/21 17:29:35,416 DEBUG Starting new HTTPS connection (1): datamanagementapi20210728183549.azurewebsites.net:443
01/08/21 17:29:37,65 DEBUG https://datamanagementapi20210728183549.azurewebsites.net:443 "POST /api/Measurement/ HTTP/1.1" 200 276
01/08/21 17:31:12,703 DEBUG Starting new HTTPS connection (1): datamanagementapi20210728183549.azurewebsites.net:443
01/08/21 17:31:14,373 DEBUG https://datamanagementapi20210728183549.azurewebsites.net:443 "POST /api/Measurement/ HTTP/1.1" 200 277
01/08/21 17:34:48,882 INFO lesson started
01/08/21 17:40:13,977 INFO lesson started
01/08/21 17:40:20,319 DEBUG Starting new HTTPS connection (1): datamanagementapi20210728183549.azurewebsites.net:443
01/08/21 17:40:21,737 DEBUG https://datamanagementapi20210728183549.azurewebsites.net:443 "POST /api/Measurement/ HTTP/1.1" 200 276
01/08/21 17:40:31,773 DEBUG Starting new HTTPS connection (1): datamanagementapi20210728183549.azurewebsites.net:443
01/08/21 17:40:33,181 DEBUG https://datamanagementapi20210728183549.azurewebsites.net:443 "POST /api/Measurement/ HTTP/1.1" 200 275
01/08/21 17:41:01,4 DEBUG Starting new HTTPS connection (1): datamanagementapi20210728183549.azurewebsites.net:443
01/08/21 17:41:02,725 DEBUG https://datamanagementapi20210728183549.azurewebsites.net:443 "POST /api/Measurement/ HTTP/1.1" 200 276
01/08/21 17:41:09,216 DEBUG Starting new HTTPS connection (1): datamanagementapi20210728183549.azurewebsites.net:443
01/08/21 17:41:10,625 DEBUG https://datamanagementapi20210728183549.azurewebsites.net:443 "POST /api/Measurement/ HTTP/1.1" 200 276
01/08/21 17:41:18,472 DEBUG Starting new HTTPS connection (1): datamanagementapi20210728183549.azurewebsites.net:443
01/08/21 17:41:19,986 DEBUG https://datamanagementapi20210728183549.azurewebsites.net:443 "POST /api/Measurement/ HTTP/1.1" 200 276
01/08/21 17:44:47,19 INFO lesson started
01/08/21 17:44:55,361 DEBUG Starting new HTTPS connection (1): datamanagementapi20210728183549.azurewebsites.net:443
01/08/21 17:44:56,874 DEBUG https://datamanagementapi20210728183549.azurewebsites.net:443 "POST /api/Measurement/ HTTP/1.1" 200 240
01/08/21 17:45:05,828 DEBUG Starting new HTTPS connection (1): datamanagementapi20210728183549.azurewebsites.net:443
01/08/21 17:45:07,223 DEBUG https://datamanagementapi20210728183549.azurewebsites.net:443 "POST /api/Measurement/ HTTP/1.1" 200 240
01/08/21 17:45:44,904 DEBUG Starting new HTTPS connection (1): datamanagementapi20210728183549.azurewebsites.net:443
01/08/21 17:45:46,453 DEBUG https://datamanagementapi20210728183549.azurewebsites.net:443 "POST /api/Measurement/ HTTP/1.1" 200 276
01/08/21 17:45:53,973 DEBUG Starting new HTTPS connection (1): datamanagementapi20210728183549.azurewebsites.net:443
01/08/21 17:45:55,368 DEBUG https://datamanagementapi20210728183549.azurewebsites.net:443 "POST /api/Measurement/ HTTP/1.1" 200 276
01/08/21 17:48:02,34 INFO lesson started
01/08/21 17:49:43,923 INFO lesson started
01/08/21 17:50:37,572 INFO lesson started
01/08/21 17:51:55,484 ERROR an error occurred: Can't pickle <class 'comtypes.POINTER(IAudioEndpointVolume)'>: attribute lookup POINTER(IAudioEndpointVolume) on comtypes failed
01/08/21 17:54:01,988 INFO lesson started
01/08/21 17:57:37,337 INFO lesson started
01/08/21 17:58:18,458 DEBUG Starting new HTTPS connection (1): datamanagementapi20210728183549.azurewebsites.net:443
01/08/21 17:58:22,943 DEBUG https://datamanagementapi20210728183549.azurewebsites.net:443 "POST /api/Measurement/ HTTP/1.1" 200 276
01/08/21 17:59:20,694 INFO lesson started
01/08/21 18:04:53,635 INFO lesson started
01/08/21 18:06:15,37 INFO lesson started
01/08/21 18:07:59,359 INFO lesson started
01/08/21 18:08:01,82 ERROR an error occurred: 'list' object has no attribute 'run'
01/08/21 18:08:01,537 DEBUG Calling CoUnititialize()
01/08/21 18:08:01,538 DEBUG CoUnititialize() done.
01/08/21 18:09:42,245 INFO lesson started
01/08/21 18:10:47,933 INFO lesson started
01/08/21 18:11:22,448 INFO lesson started
01/08/21 18:12:46,103 INFO lesson started
01/08/21 18:13:03,492 ERROR an error occurred: Can't pickle <class 'comtypes.POINTER(IAudioEndpointVolume)'>: attribute lookup POINTER(IAudioEndpointVolume) on comtypes failed
01/08/21 18:14:01,148 INFO lesson started
01/08/21 19:35:19,174 INFO lesson started
01/08/21 19:36:04,417 ERROR Failed to identify which program on top, due to: (1400, 'SetForegroundWindow', 'Invalid window handle.')
01/08/21 19:36:04,912 ERROR OpenCV(4.5.3) C:\Users\runneradmin\AppData\Local\Temp\pip-req-build-u4kjpz2z\opencv\modules\dnn\src\caffe\caffe_io.cpp:1121: error: (-2:Unspecified error) FAILED: fs.is_open(). Can't open "./checkpoint/deploy.prototxt" in function 'cv::dnn::ReadProtoFromTextFile'

01/08/21 19:37:40,845 INFO lesson started
01/08/21 19:37:48,812 ERROR Failed to identify which program on top, due to: (1400, 'SetForegroundWindow', 'Invalid window handle.')
01/08/21 19:37:49,94 ERROR OpenCV(4.5.3) C:\Users\runneradmin\AppData\Local\Temp\pip-req-build-u4kjpz2z\opencv\modules\dnn\src\caffe\caffe_io.cpp:1121: error: (-2:Unspecified error) FAILED: fs.is_open(). Can't open "./checkpoint/deploy.prototxt" in function 'cv::dnn::ReadProtoFromTextFile'

01/08/21 19:38:36,634 INFO lesson started
01/08/21 19:38:36,929 ERROR Failed to identify which program on top, due to: (1400, 'SetForegroundWindow', 'Invalid window handle.')
01/08/21 19:38:37,212 ERROR OpenCV(4.5.3) C:\Users\runneradmin\AppData\Local\Temp\pip-req-build-u4kjpz2z\opencv\modules\dnn\src\caffe\caffe_io.cpp:1121: error: (-2:Unspecified error) FAILED: fs.is_open(). Can't open "./checkpoint/deploy.prototxt" in function 'cv::dnn::ReadProtoFromTextFile'

01/08/21 19:39:48,438 DEBUG Starting new HTTPS connection (1): datamanagementapi20210728183549.azurewebsites.net:443
01/08/21 19:39:49,991 DEBUG https://datamanagementapi20210728183549.azurewebsites.net:443 "POST /api/Measurement/ HTTP/1.1" 200 276
01/08/21 19:39:55,136 ERROR Failed to identify which program on top, due to: (1400, 'SetForegroundWindow', 'Invalid window handle.')
01/08/21 19:39:55,206 ERROR OpenCV(4.5.3) C:\Users\runneradmin\AppData\Local\Temp\pip-req-build-u4kjpz2z\opencv\modules\dnn\src\caffe\caffe_io.cpp:1121: error: (-2:Unspecified error) FAILED: fs.is_open(). Can't open "./checkpoint/deploy.prototxt" in function 'cv::dnn::ReadProtoFromTextFile'

01/08/21 19:40:14,517 DEBUG Starting new HTTPS connection (1): datamanagementapi20210728183549.azurewebsites.net:443
01/08/21 19:40:15,927 DEBUG https://datamanagementapi20210728183549.azurewebsites.net:443 "POST /api/Measurement/ HTTP/1.1" 200 275
01/08/21 19:40:21,72 ERROR Failed to identify which program on top, due to: (1400, 'SetForegroundWindow', 'Invalid window handle.')
01/08/21 19:40:21,137 ERROR OpenCV(4.5.3) C:\Users\runneradmin\AppData\Local\Temp\pip-req-build-u4kjpz2z\opencv\modules\dnn\src\caffe\caffe_io.cpp:1121: error: (-2:Unspecified error) FAILED: fs.is_open(). Can't open "./checkpoint/deploy.prototxt" in function 'cv::dnn::ReadProtoFromTextFile'

01/08/21 19:40:40,667 DEBUG Starting new HTTPS connection (1): datamanagementapi20210728183549.azurewebsites.net:443
01/08/21 19:40:42,203 DEBUG https://datamanagementapi20210728183549.azurewebsites.net:443 "POST /api/Measurement/ HTTP/1.1" 200 274
01/08/21 19:40:47,396 ERROR Failed to identify which program on top, due to: (1400, 'SetForegroundWindow', 'Invalid window handle.')
01/08/21 19:40:47,471 ERROR OpenCV(4.5.3) C:\Users\runneradmin\AppData\Local\Temp\pip-req-build-u4kjpz2z\opencv\modules\dnn\src\caffe\caffe_io.cpp:1121: error: (-2:Unspecified error) FAILED: fs.is_open(). Can't open "./checkpoint/deploy.prototxt" in function 'cv::dnn::ReadProtoFromTextFile'

01/08/21 19:40:50,383 DEBUG Starting new HTTPS connection (1): datamanagementapi20210728183549.azurewebsites.net:443
01/08/21 19:40:51,853 DEBUG https://datamanagementapi20210728183549.azurewebsites.net:443 "POST /api/Measurement/ HTTP/1.1" 200 276
01/08/21 19:40:56,976 ERROR Failed to identify which program on top, due to: (1400, 'SetForegroundWindow', 'Invalid window handle.')
01/08/21 19:40:57,56 ERROR OpenCV(4.5.3) C:\Users\runneradmin\AppData\Local\Temp\pip-req-build-u4kjpz2z\opencv\modules\dnn\src\caffe\caffe_io.cpp:1121: error: (-2:Unspecified error) FAILED: fs.is_open(). Can't open "./checkpoint/deploy.prototxt" in function 'cv::dnn::ReadProtoFromTextFile'

01/08/21 19:41:01,548 DEBUG Starting new HTTPS connection (1): datamanagementapi20210728183549.azurewebsites.net:443
01/08/21 19:41:02,907 DEBUG https://datamanagementapi20210728183549.azurewebsites.net:443 "POST /api/Measurement/ HTTP/1.1" 200 276
01/08/21 19:41:08,14 ERROR Failed to identify which program on top, due to: (1400, 'SetForegroundWindow', 'Invalid window handle.')
01/08/21 19:41:08,83 ERROR OpenCV(4.5.3) C:\Users\runneradmin\AppData\Local\Temp\pip-req-build-u4kjpz2z\opencv\modules\dnn\src\caffe\caffe_io.cpp:1121: error: (-2:Unspecified error) FAILED: fs.is_open(). Can't open "./checkpoint/deploy.prototxt" in function 'cv::dnn::ReadProtoFromTextFile'

01/08/21 19:41:17,127 DEBUG Starting new HTTPS connection (1): datamanagementapi20210728183549.azurewebsites.net:443
01/08/21 19:41:18,586 DEBUG https://datamanagementapi20210728183549.azurewebsites.net:443 "POST /api/Measurement/ HTTP/1.1" 200 276
01/08/21 19:41:23,612 ERROR Failed to identify which program on top, due to: (1400, 'SetForegroundWindow', 'Invalid window handle.')
01/08/21 19:41:23,687 ERROR OpenCV(4.5.3) C:\Users\runneradmin\AppData\Local\Temp\pip-req-build-u4kjpz2z\opencv\modules\dnn\src\caffe\caffe_io.cpp:1121: error: (-2:Unspecified error) FAILED: fs.is_open(). Can't open "./checkpoint/deploy.prototxt" in function 'cv::dnn::ReadProtoFromTextFile'

01/08/21 19:41:27,431 DEBUG Starting new HTTPS connection (1): datamanagementapi20210728183549.azurewebsites.net:443
01/08/21 19:41:29,141 DEBUG https://datamanagementapi20210728183549.azurewebsites.net:443 "POST /api/Measurement/ HTTP/1.1" 200 274
01/08/21 19:41:34,230 ERROR Failed to identify which program on top, due to: (1400, 'SetForegroundWindow', 'Invalid window handle.')
01/08/21 19:41:34,295 ERROR OpenCV(4.5.3) C:\Users\runneradmin\AppData\Local\Temp\pip-req-build-u4kjpz2z\opencv\modules\dnn\src\caffe\caffe_io.cpp:1121: error: (-2:Unspecified error) FAILED: fs.is_open(). Can't open "./checkpoint/deploy.prototxt" in function 'cv::dnn::ReadProtoFromTextFile'

01/08/21 19:42:05,811 DEBUG Starting new HTTPS connection (1): datamanagementapi20210728183549.azurewebsites.net:443
01/08/21 19:42:07,353 DEBUG https://datamanagementapi20210728183549.azurewebsites.net:443 "POST /api/Measurement/ HTTP/1.1" 200 276
01/08/21 19:42:12,454 ERROR Failed to identify which program on top, due to: (1400, 'SetForegroundWindow', 'Invalid window handle.')
01/08/21 19:42:12,523 ERROR OpenCV(4.5.3) C:\Users\runneradmin\AppData\Local\Temp\pip-req-build-u4kjpz2z\opencv\modules\dnn\src\caffe\caffe_io.cpp:1121: error: (-2:Unspecified error) FAILED: fs.is_open(). Can't open "./checkpoint/deploy.prototxt" in function 'cv::dnn::ReadProtoFromTextFile'

01/08/21 19:43:47,482 INFO lesson started
01/08/21 19:43:47,634 ERROR Failed to identify which program on top, due to: (1400, 'SetForegroundWindow', 'Invalid window handle.')
01/08/21 19:43:47,918 ERROR OpenCV(4.5.3) C:\Users\runneradmin\AppData\Local\Temp\pip-req-build-u4kjpz2z\opencv\modules\dnn\src\caffe\caffe_io.cpp:1121: error: (-2:Unspecified error) FAILED: fs.is_open(). Can't open "./checkpoint/deploy.prototxt" in function 'cv::dnn::ReadProtoFromTextFile'

01/08/21 19:43:48,75 DEBUG Starting new HTTPS connection (1): datamanagementapi20210728183549.azurewebsites.net:443
01/08/21 19:43:49,450 DEBUG https://datamanagementapi20210728183549.azurewebsites.net:443 "POST /api/Measurement/ HTTP/1.1" 200 276
01/08/21 19:43:54,483 ERROR Failed to identify which program on top, due to: (1400, 'SetForegroundWindow', 'Invalid window handle.')
01/08/21 19:43:54,562 ERROR OpenCV(4.5.3) C:\Users\runneradmin\AppData\Local\Temp\pip-req-build-u4kjpz2z\opencv\modules\dnn\src\caffe\caffe_io.cpp:1121: error: (-2:Unspecified error) FAILED: fs.is_open(). Can't open "./checkpoint/deploy.prototxt" in function 'cv::dnn::ReadProtoFromTextFile'

01/08/21 19:43:54,661 DEBUG Starting new HTTPS connection (1): datamanagementapi20210728183549.azurewebsites.net:443
01/08/21 19:43:56,74 DEBUG https://datamanagementapi20210728183549.azurewebsites.net:443 "POST /api/Measurement/ HTTP/1.1" 200 277
01/08/21 19:44:01,105 ERROR Failed to identify which program on top, due to: (1400, 'SetForegroundWindow', 'Invalid window handle.')
01/08/21 19:44:01,185 ERROR OpenCV(4.5.3) C:\Users\runneradmin\AppData\Local\Temp\pip-req-build-u4kjpz2z\opencv\modules\dnn\src\caffe\caffe_io.cpp:1121: error: (-2:Unspecified error) FAILED: fs.is_open(). Can't open "./checkpoint/deploy.prototxt" in function 'cv::dnn::ReadProtoFromTextFile'

01/08/21 19:44:01,301 DEBUG Starting new HTTPS connection (1): datamanagementapi20210728183549.azurewebsites.net:443
01/08/21 19:44:02,658 DEBUG https://datamanagementapi20210728183549.azurewebsites.net:443 "POST /api/Measurement/ HTTP/1.1" 200 275
01/08/21 19:44:07,689 ERROR Failed to identify which program on top, due to: (1400, 'SetForegroundWindow', 'Invalid window handle.')
01/08/21 19:44:07,751 ERROR OpenCV(4.5.3) C:\Users\runneradmin\AppData\Local\Temp\pip-req-build-u4kjpz2z\opencv\modules\dnn\src\caffe\caffe_io.cpp:1121: error: (-2:Unspecified error) FAILED: fs.is_open(). Can't open "./checkpoint/deploy.prototxt" in function 'cv::dnn::ReadProtoFromTextFile'

01/08/21 19:44:07,855 DEBUG Starting new HTTPS connection (1): datamanagementapi20210728183549.azurewebsites.net:443
01/08/21 19:44:09,633 DEBUG https://datamanagementapi20210728183549.azurewebsites.net:443 "POST /api/Measurement/ HTTP/1.1" 200 274
01/08/21 19:44:14,678 ERROR Failed to identify which program on top, due to: (1400, 'SetForegroundWindow', 'Invalid window handle.')
01/08/21 19:44:14,749 ERROR OpenCV(4.5.3) C:\Users\runneradmin\AppData\Local\Temp\pip-req-build-u4kjpz2z\opencv\modules\dnn\src\caffe\caffe_io.cpp:1121: error: (-2:Unspecified error) FAILED: fs.is_open(). Can't open "./checkpoint/deploy.prototxt" in function 'cv::dnn::ReadProtoFromTextFile'

01/08/21 19:44:14,859 DEBUG Starting new HTTPS connection (1): datamanagementapi20210728183549.azurewebsites.net:443
01/08/21 19:44:16,345 DEBUG https://datamanagementapi20210728183549.azurewebsites.net:443 "POST /api/Measurement/ HTTP/1.1" 200 276
01/08/21 19:44:21,366 ERROR Failed to identify which program on top, due to: (1400, 'SetForegroundWindow', 'Invalid window handle.')
01/08/21 19:44:21,440 ERROR OpenCV(4.5.3) C:\Users\runneradmin\AppData\Local\Temp\pip-req-build-u4kjpz2z\opencv\modules\dnn\src\caffe\caffe_io.cpp:1121: error: (-2:Unspecified error) FAILED: fs.is_open(). Can't open "./checkpoint/deploy.prototxt" in function 'cv::dnn::ReadProtoFromTextFile'

01/08/21 19:44:21,562 DEBUG Starting new HTTPS connection (1): datamanagementapi20210728183549.azurewebsites.net:443
01/08/21 19:44:22,958 DEBUG https://datamanagementapi20210728183549.azurewebsites.net:443 "POST /api/Measurement/ HTTP/1.1" 200 277
01/08/21 19:44:27,977 ERROR Failed to identify which program on top, due to: (1400, 'SetForegroundWindow', 'Invalid window handle.')
01/08/21 19:44:28,43 ERROR OpenCV(4.5.3) C:\Users\runneradmin\AppData\Local\Temp\pip-req-build-u4kjpz2z\opencv\modules\dnn\src\caffe\caffe_io.cpp:1121: error: (-2:Unspecified error) FAILED: fs.is_open(). Can't open "./checkpoint/deploy.prototxt" in function 'cv::dnn::ReadProtoFromTextFile'

01/08/21 19:44:28,170 DEBUG Starting new HTTPS connection (1): datamanagementapi20210728183549.azurewebsites.net:443
01/08/21 19:44:29,551 DEBUG https://datamanagementapi20210728183549.azurewebsites.net:443 "POST /api/Measurement/ HTTP/1.1" 200 277
01/08/21 19:44:34,572 ERROR Failed to identify which program on top, due to: (1400, 'SetForegroundWindow', 'Invalid window handle.')
01/08/21 19:44:34,677 ERROR OpenCV(4.5.3) C:\Users\runneradmin\AppData\Local\Temp\pip-req-build-u4kjpz2z\opencv\modules\dnn\src\caffe\caffe_io.cpp:1121: error: (-2:Unspecified error) FAILED: fs.is_open(). Can't open "./checkpoint/deploy.prototxt" in function 'cv::dnn::ReadProtoFromTextFile'

01/08/21 19:44:34,796 DEBUG Starting new HTTPS connection (1): datamanagementapi20210728183549.azurewebsites.net:443
01/08/21 19:44:36,160 DEBUG https://datamanagementapi20210728183549.azurewebsites.net:443 "POST /api/Measurement/ HTTP/1.1" 200 276
01/08/21 19:44:41,182 ERROR Failed to identify which program on top, due to: (1400, 'SetForegroundWindow', 'Invalid window handle.')
01/08/21 19:44:41,264 ERROR OpenCV(4.5.3) C:\Users\runneradmin\AppData\Local\Temp\pip-req-build-u4kjpz2z\opencv\modules\dnn\src\caffe\caffe_io.cpp:1121: error: (-2:Unspecified error) FAILED: fs.is_open(). Can't open "./checkpoint/deploy.prototxt" in function 'cv::dnn::ReadProtoFromTextFile'

01/08/21 19:44:41,381 DEBUG Starting new HTTPS connection (1): datamanagementapi20210728183549.azurewebsites.net:443
01/08/21 19:44:42,764 DEBUG https://datamanagementapi20210728183549.azurewebsites.net:443 "POST /api/Measurement/ HTTP/1.1" 200 276
01/08/21 19:44:47,880 ERROR OpenCV(4.5.3) C:\Users\runneradmin\AppData\Local\Temp\pip-req-build-u4kjpz2z\opencv\modules\dnn\src\caffe\caffe_io.cpp:1121: error: (-2:Unspecified error) FAILED: fs.is_open(). Can't open "./checkpoint/deploy.prototxt" in function 'cv::dnn::ReadProtoFromTextFile'

01/08/21 19:44:47,978 DEBUG Starting new HTTPS connection (1): datamanagementapi20210728183549.azurewebsites.net:443
01/08/21 19:44:50,705 DEBUG https://datamanagementapi20210728183549.azurewebsites.net:443 "POST /api/Measurement/ HTTP/1.1" 200 277
01/08/21 19:44:55,807 ERROR OpenCV(4.5.3) C:\Users\runneradmin\AppData\Local\Temp\pip-req-build-u4kjpz2z\opencv\modules\dnn\src\caffe\caffe_io.cpp:1121: error: (-2:Unspecified error) FAILED: fs.is_open(). Can't open "./checkpoint/deploy.prototxt" in function 'cv::dnn::ReadProtoFromTextFile'

01/08/21 19:44:55,908 DEBUG Starting new HTTPS connection (1): datamanagementapi20210728183549.azurewebsites.net:443
01/08/21 19:44:57,323 DEBUG https://datamanagementapi20210728183549.azurewebsites.net:443 "POST /api/Measurement/ HTTP/1.1" 200 276
01/08/21 19:45:02,428 ERROR OpenCV(4.5.3) C:\Users\runneradmin\AppData\Local\Temp\pip-req-build-u4kjpz2z\opencv\modules\dnn\src\caffe\caffe_io.cpp:1121: error: (-2:Unspecified error) FAILED: fs.is_open(). Can't open "./checkpoint/deploy.prototxt" in function 'cv::dnn::ReadProtoFromTextFile'

01/08/21 19:45:02,556 DEBUG Starting new HTTPS connection (1): datamanagementapi20210728183549.azurewebsites.net:443
01/08/21 19:45:03,941 DEBUG https://datamanagementapi20210728183549.azurewebsites.net:443 "POST /api/Measurement/ HTTP/1.1" 200 276
01/08/21 19:45:09,48 ERROR OpenCV(4.5.3) C:\Users\runneradmin\AppData\Local\Temp\pip-req-build-u4kjpz2z\opencv\modules\dnn\src\caffe\caffe_io.cpp:1121: error: (-2:Unspecified error) FAILED: fs.is_open(). Can't open "./checkpoint/deploy.prototxt" in function 'cv::dnn::ReadProtoFromTextFile'

01/08/21 19:45:09,148 DEBUG Starting new HTTPS connection (1): datamanagementapi20210728183549.azurewebsites.net:443
01/08/21 19:45:10,541 DEBUG https://datamanagementapi20210728183549.azurewebsites.net:443 "POST /api/Measurement/ HTTP/1.1" 200 276
01/08/21 19:45:15,663 ERROR OpenCV(4.5.3) C:\Users\runneradmin\AppData\Local\Temp\pip-req-build-u4kjpz2z\opencv\modules\dnn\src\caffe\caffe_io.cpp:1121: error: (-2:Unspecified error) FAILED: fs.is_open(). Can't open "./checkpoint/deploy.prototxt" in function 'cv::dnn::ReadProtoFromTextFile'

01/08/21 19:45:15,765 DEBUG Starting new HTTPS connection (1): datamanagementapi20210728183549.azurewebsites.net:443
01/08/21 19:45:17,162 DEBUG https://datamanagementapi20210728183549.azurewebsites.net:443 "POST /api/Measurement/ HTTP/1.1" 200 275
01/08/21 19:45:22,288 ERROR OpenCV(4.5.3) C:\Users\runneradmin\AppData\Local\Temp\pip-req-build-u4kjpz2z\opencv\modules\dnn\src\caffe\caffe_io.cpp:1121: error: (-2:Unspecified error) FAILED: fs.is_open(). Can't open "./checkpoint/deploy.prototxt" in function 'cv::dnn::ReadProtoFromTextFile'

01/08/21 19:45:22,384 DEBUG Starting new HTTPS connection (1): datamanagementapi20210728183549.azurewebsites.net:443
01/08/21 19:45:24,319 DEBUG https://datamanagementapi20210728183549.azurewebsites.net:443 "POST /api/Measurement/ HTTP/1.1" 200 276
01/08/21 19:45:29,416 ERROR OpenCV(4.5.3) C:\Users\runneradmin\AppData\Local\Temp\pip-req-build-u4kjpz2z\opencv\modules\dnn\src\caffe\caffe_io.cpp:1121: error: (-2:Unspecified error) FAILED: fs.is_open(). Can't open "./checkpoint/deploy.prototxt" in function 'cv::dnn::ReadProtoFromTextFile'

01/08/21 19:45:29,510 DEBUG Starting new HTTPS connection (1): datamanagementapi20210728183549.azurewebsites.net:443
01/08/21 19:45:30,890 DEBUG https://datamanagementapi20210728183549.azurewebsites.net:443 "POST /api/Measurement/ HTTP/1.1" 200 276
01/08/21 19:45:35,999 ERROR OpenCV(4.5.3) C:\Users\runneradmin\AppData\Local\Temp\pip-req-build-u4kjpz2z\opencv\modules\dnn\src\caffe\caffe_io.cpp:1121: error: (-2:Unspecified error) FAILED: fs.is_open(). Can't open "./checkpoint/deploy.prototxt" in function 'cv::dnn::ReadProtoFromTextFile'

01/08/21 19:45:36,86 DEBUG Starting new HTTPS connection (1): datamanagementapi20210728183549.azurewebsites.net:443
01/08/21 19:45:37,456 DEBUG https://datamanagementapi20210728183549.azurewebsites.net:443 "POST /api/Measurement/ HTTP/1.1" 200 277
01/08/21 19:45:42,527 ERROR Failed to identify which program on top, due to: (1400, 'SetForegroundWindow', 'Invalid window handle.')
01/08/21 19:45:42,642 ERROR OpenCV(4.5.3) C:\Users\runneradmin\AppData\Local\Temp\pip-req-build-u4kjpz2z\opencv\modules\dnn\src\caffe\caffe_io.cpp:1121: error: (-2:Unspecified error) FAILED: fs.is_open(). Can't open "./checkpoint/deploy.prototxt" in function 'cv::dnn::ReadProtoFromTextFile'

01/08/21 19:45:42,735 DEBUG Starting new HTTPS connection (1): datamanagementapi20210728183549.azurewebsites.net:443
01/08/21 19:45:44,144 DEBUG https://datamanagementapi20210728183549.azurewebsites.net:443 "POST /api/Measurement/ HTTP/1.1" 200 274
01/08/21 19:45:49,265 ERROR OpenCV(4.5.3) C:\Users\runneradmin\AppData\Local\Temp\pip-req-build-u4kjpz2z\opencv\modules\dnn\src\caffe\caffe_io.cpp:1121: error: (-2:Unspecified error) FAILED: fs.is_open(). Can't open "./checkpoint/deploy.prototxt" in function 'cv::dnn::ReadProtoFromTextFile'

01/08/21 19:45:49,369 DEBUG Starting new HTTPS connection (1): datamanagementapi20210728183549.azurewebsites.net:443
01/08/21 19:45:50,804 DEBUG https://datamanagementapi20210728183549.azurewebsites.net:443 "POST /api/Measurement/ HTTP/1.1" 200 275
01/08/21 19:45:55,893 ERROR Failed to identify which program on top, due to: (1400, 'SetForegroundWindow', 'Invalid window handle.')
01/08/21 19:45:55,963 ERROR OpenCV(4.5.3) C:\Users\runneradmin\AppData\Local\Temp\pip-req-build-u4kjpz2z\opencv\modules\dnn\src\caffe\caffe_io.cpp:1121: error: (-2:Unspecified error) FAILED: fs.is_open(). Can't open "./checkpoint/deploy.prototxt" in function 'cv::dnn::ReadProtoFromTextFile'

01/08/21 19:45:56,80 DEBUG Starting new HTTPS connection (1): datamanagementapi20210728183549.azurewebsites.net:443
01/08/21 19:45:57,589 DEBUG https://datamanagementapi20210728183549.azurewebsites.net:443 "POST /api/Measurement/ HTTP/1.1" 200 273
01/08/21 19:46:02,636 ERROR Failed to identify which program on top, due to: (1400, 'SetForegroundWindow', 'Invalid window handle.')
01/08/21 19:46:02,731 ERROR OpenCV(4.5.3) C:\Users\runneradmin\AppData\Local\Temp\pip-req-build-u4kjpz2z\opencv\modules\dnn\src\caffe\caffe_io.cpp:1121: error: (-2:Unspecified error) FAILED: fs.is_open(). Can't open "./checkpoint/deploy.prototxt" in function 'cv::dnn::ReadProtoFromTextFile'

01/08/21 19:46:02,843 DEBUG Starting new HTTPS connection (1): datamanagementapi20210728183549.azurewebsites.net:443
01/08/21 19:46:04,214 DEBUG https://datamanagementapi20210728183549.azurewebsites.net:443 "POST /api/Measurement/ HTTP/1.1" 200 276
01/08/21 19:46:25,876 INFO lesson started
01/08/21 19:46:26,24 ERROR Failed to identify which program on top, due to: (1400, 'SetForegroundWindow', 'Invalid window handle.')
01/08/21 19:46:26,315 ERROR OpenCV(4.5.3) C:\Users\runneradmin\AppData\Local\Temp\pip-req-build-u4kjpz2z\opencv\modules\dnn\src\caffe\caffe_io.cpp:1121: error: (-2:Unspecified error) FAILED: fs.is_open(). Can't open "./checkpoint/deploy.prototxt" in function 'cv::dnn::ReadProtoFromTextFile'

01/08/21 19:46:26,451 DEBUG Starting new HTTPS connection (1): datamanagementapi20210728183549.azurewebsites.net:443
01/08/21 19:46:27,948 DEBUG https://datamanagementapi20210728183549.azurewebsites.net:443 "POST /api/Measurement/ HTTP/1.1" 200 276
01/08/21 19:46:33,3 ERROR Failed to identify which program on top, due to: (1400, 'SetForegroundWindow', 'Invalid window handle.')
01/08/21 19:46:33,77 ERROR OpenCV(4.5.3) C:\Users\runneradmin\AppData\Local\Temp\pip-req-build-u4kjpz2z\opencv\modules\dnn\src\caffe\caffe_io.cpp:1121: error: (-2:Unspecified error) FAILED: fs.is_open(). Can't open "./checkpoint/deploy.prototxt" in function 'cv::dnn::ReadProtoFromTextFile'

01/08/21 19:46:33,190 DEBUG Starting new HTTPS connection (1): datamanagementapi20210728183549.azurewebsites.net:443
01/08/21 19:46:34,596 DEBUG https://datamanagementapi20210728183549.azurewebsites.net:443 "POST /api/Measurement/ HTTP/1.1" 200 276
01/08/21 19:46:39,654 ERROR Failed to identify which program on top, due to: (1400, 'SetForegroundWindow', 'Invalid window handle.')
01/08/21 19:46:39,738 ERROR OpenCV(4.5.3) C:\Users\runneradmin\AppData\Local\Temp\pip-req-build-u4kjpz2z\opencv\modules\dnn\src\caffe\caffe_io.cpp:1121: error: (-2:Unspecified error) FAILED: fs.is_open(). Can't open "./checkpoint/deploy.prototxt" in function 'cv::dnn::ReadProtoFromTextFile'

01/08/21 19:46:39,845 DEBUG Starting new HTTPS connection (1): datamanagementapi20210728183549.azurewebsites.net:443
01/08/21 19:46:41,231 DEBUG https://datamanagementapi20210728183549.azurewebsites.net:443 "POST /api/Measurement/ HTTP/1.1" 200 275
01/08/21 19:46:46,249 ERROR Failed to identify which program on top, due to: (1400, 'SetForegroundWindow', 'Invalid window handle.')
01/08/21 19:46:46,331 ERROR OpenCV(4.5.3) C:\Users\runneradmin\AppData\Local\Temp\pip-req-build-u4kjpz2z\opencv\modules\dnn\src\caffe\caffe_io.cpp:1121: error: (-2:Unspecified error) FAILED: fs.is_open(). Can't open "./checkpoint/deploy.prototxt" in function 'cv::dnn::ReadProtoFromTextFile'

01/08/21 19:46:46,438 DEBUG Starting new HTTPS connection (1): datamanagementapi20210728183549.azurewebsites.net:443
01/08/21 19:46:47,785 DEBUG https://datamanagementapi20210728183549.azurewebsites.net:443 "POST /api/Measurement/ HTTP/1.1" 200 275
01/08/21 19:46:52,828 ERROR Failed to identify which program on top, due to: (1400, 'SetForegroundWindow', 'Invalid window handle.')
01/08/21 19:46:52,915 ERROR OpenCV(4.5.3) C:\Users\runneradmin\AppData\Local\Temp\pip-req-build-u4kjpz2z\opencv\modules\dnn\src\caffe\caffe_io.cpp:1121: error: (-2:Unspecified error) FAILED: fs.is_open(). Can't open "./checkpoint/deploy.prototxt" in function 'cv::dnn::ReadProtoFromTextFile'

01/08/21 19:46:53,21 DEBUG Starting new HTTPS connection (1): datamanagementapi20210728183549.azurewebsites.net:443
01/08/21 19:46:54,486 DEBUG https://datamanagementapi20210728183549.azurewebsites.net:443 "POST /api/Measurement/ HTTP/1.1" 200 276
01/08/21 19:46:59,522 ERROR Failed to identify which program on top, due to: (1400, 'SetForegroundWindow', 'Invalid window handle.')
01/08/21 19:46:59,590 ERROR OpenCV(4.5.3) C:\Users\runneradmin\AppData\Local\Temp\pip-req-build-u4kjpz2z\opencv\modules\dnn\src\caffe\caffe_io.cpp:1121: error: (-2:Unspecified error) FAILED: fs.is_open(). Can't open "./checkpoint/deploy.prototxt" in function 'cv::dnn::ReadProtoFromTextFile'

01/08/21 19:46:59,693 DEBUG Starting new HTTPS connection (1): datamanagementapi20210728183549.azurewebsites.net:443
01/08/21 19:47:01,148 DEBUG https://datamanagementapi20210728183549.azurewebsites.net:443 "POST /api/Measurement/ HTTP/1.1" 200 277
01/08/21 19:47:06,209 ERROR Failed to identify which program on top, due to: (1400, 'SetForegroundWindow', 'Invalid window handle.')
01/08/21 19:47:06,291 ERROR OpenCV(4.5.3) C:\Users\runneradmin\AppData\Local\Temp\pip-req-build-u4kjpz2z\opencv\modules\dnn\src\caffe\caffe_io.cpp:1121: error: (-2:Unspecified error) FAILED: fs.is_open(). Can't open "./checkpoint/deploy.prototxt" in function 'cv::dnn::ReadProtoFromTextFile'

01/08/21 19:47:06,400 DEBUG Starting new HTTPS connection (1): datamanagementapi20210728183549.azurewebsites.net:443
01/08/21 19:47:11,199 DEBUG https://datamanagementapi20210728183549.azurewebsites.net:443 "POST /api/Measurement/ HTTP/1.1" 200 277
01/08/21 19:47:16,220 ERROR Failed to identify which program on top, due to: (1400, 'SetForegroundWindow', 'Invalid window handle.')
01/08/21 19:47:16,290 ERROR OpenCV(4.5.3) C:\Users\runneradmin\AppData\Local\Temp\pip-req-build-u4kjpz2z\opencv\modules\dnn\src\caffe\caffe_io.cpp:1121: error: (-2:Unspecified error) FAILED: fs.is_open(). Can't open "./checkpoint/deploy.prototxt" in function 'cv::dnn::ReadProtoFromTextFile'

01/08/21 19:47:16,404 DEBUG Starting new HTTPS connection (1): datamanagementapi20210728183549.azurewebsites.net:443
01/08/21 19:47:17,910 DEBUG https://datamanagementapi20210728183549.azurewebsites.net:443 "POST /api/Measurement/ HTTP/1.1" 200 275
01/08/21 19:47:22,932 ERROR Failed to identify which program on top, due to: (1400, 'SetForegroundWindow', 'Invalid window handle.')
01/08/21 19:47:22,990 ERROR OpenCV(4.5.3) C:\Users\runneradmin\AppData\Local\Temp\pip-req-build-u4kjpz2z\opencv\modules\dnn\src\caffe\caffe_io.cpp:1121: error: (-2:Unspecified error) FAILED: fs.is_open(). Can't open "./checkpoint/deploy.prototxt" in function 'cv::dnn::ReadProtoFromTextFile'

01/08/21 19:47:23,107 DEBUG Starting new HTTPS connection (1): datamanagementapi20210728183549.azurewebsites.net:443
01/08/21 19:48:32,375 INFO lesson started
01/08/21 19:48:32,532 ERROR Failed to identify which program on top, due to: (1400, 'SetForegroundWindow', 'Invalid window handle.')
01/08/21 19:48:50,256 ERROR OpenCV(4.5.3) C:\Users\runneradmin\AppData\Local\Temp\pip-req-build-u4kjpz2z\opencv\modules\dnn\src\caffe\caffe_io.cpp:1121: error: (-2:Unspecified error) FAILED: fs.is_open(). Can't open "./checkpoint/deploy.prototxt" in function 'cv::dnn::ReadProtoFromTextFile'

01/08/21 19:49:44,821 INFO lesson started
01/08/21 19:49:45,13 ERROR Failed to identify which program on top, due to: (1400, 'SetForegroundWindow', 'Invalid window handle.')
01/08/21 19:49:45,315 ERROR OpenCV(4.5.3) C:\Users\runneradmin\AppData\Local\Temp\pip-req-build-u4kjpz2z\opencv\modules\dnn\src\caffe\caffe_io.cpp:1121: error: (-2:Unspecified error) FAILED: fs.is_open(). Can't open "./checkpoint/deploy.prototxt" in function 'cv::dnn::ReadProtoFromTextFile'

01/08/21 19:49:45,473 DEBUG Starting new HTTPS connection (1): datamanagementapi20210728183549.azurewebsites.net:443
01/08/21 19:49:46,879 DEBUG https://datamanagementapi20210728183549.azurewebsites.net:443 "POST /api/Measurement/ HTTP/1.1" 200 275
01/08/21 19:49:51,901 ERROR Failed to identify which program on top, due to: (1400, 'SetForegroundWindow', 'Invalid window handle.')
01/08/21 19:49:51,982 ERROR OpenCV(4.5.3) C:\Users\runneradmin\AppData\Local\Temp\pip-req-build-u4kjpz2z\opencv\modules\dnn\src\caffe\caffe_io.cpp:1121: error: (-2:Unspecified error) FAILED: fs.is_open(). Can't open "./checkpoint/deploy.prototxt" in function 'cv::dnn::ReadProtoFromTextFile'

01/08/21 19:49:52,92 DEBUG Starting new HTTPS connection (1): datamanagementapi20210728183549.azurewebsites.net:443
01/08/21 19:49:53,490 DEBUG https://datamanagementapi20210728183549.azurewebsites.net:443 "POST /api/Measurement/ HTTP/1.1" 200 276
01/08/21 19:49:58,525 ERROR Failed to identify which program on top, due to: (1400, 'SetForegroundWindow', 'Invalid window handle.')
01/08/21 19:49:58,612 ERROR OpenCV(4.5.3) C:\Users\runneradmin\AppData\Local\Temp\pip-req-build-u4kjpz2z\opencv\modules\dnn\src\caffe\caffe_io.cpp:1121: error: (-2:Unspecified error) FAILED: fs.is_open(). Can't open "./checkpoint/deploy.prototxt" in function 'cv::dnn::ReadProtoFromTextFile'

01/08/21 19:49:58,705 DEBUG Starting new HTTPS connection (1): datamanagementapi20210728183549.azurewebsites.net:443
01/08/21 19:50:00,75 DEBUG https://datamanagementapi20210728183549.azurewebsites.net:443 "POST /api/Measurement/ HTTP/1.1" 200 276
01/08/21 19:50:19,422 INFO lesson started
01/08/21 19:50:19,552 ERROR Failed to identify which program on top, due to: (1400, 'SetForegroundWindow', 'Invalid window handle.')
01/08/21 19:50:19,834 ERROR OpenCV(4.5.3) C:\Users\runneradmin\AppData\Local\Temp\pip-req-build-u4kjpz2z\opencv\modules\dnn\src\caffe\caffe_io.cpp:1121: error: (-2:Unspecified error) FAILED: fs.is_open(). Can't open "./checkpoint/deploy.prototxt" in function 'cv::dnn::ReadProtoFromTextFile'

01/08/21 19:50:19,962 DEBUG Starting new HTTPS connection (1): datamanagementapi20210728183549.azurewebsites.net:443
01/08/21 19:50:21,361 DEBUG https://datamanagementapi20210728183549.azurewebsites.net:443 "POST /api/Measurement/ HTTP/1.1" 200 275
01/08/21 19:51:13,770 INFO lesson started
01/08/21 19:51:13,971 ERROR Failed to identify which program on top, due to: (1400, 'SetForegroundWindow', 'Invalid window handle.')
01/08/21 19:51:28,299 ERROR OpenCV(4.5.3) C:\Users\runneradmin\AppData\Local\Temp\pip-req-build-u4kjpz2z\opencv\modules\dnn\src\caffe\caffe_io.cpp:1121: error: (-2:Unspecified error) FAILED: fs.is_open(). Can't open "./checkpoint/deploy.prototxt" in function 'cv::dnn::ReadProtoFromTextFile'

01/08/21 19:51:34,201 DEBUG Starting new HTTPS connection (1): datamanagementapi20210728183549.azurewebsites.net:443
01/08/21 19:53:23,163 INFO lesson started
01/08/21 19:56:07,698 INFO lesson started
01/08/21 19:57:23,844 INFO lesson started
01/08/21 19:57:28,98 ERROR OpenCV(4.5.3) C:\Users\runneradmin\AppData\Local\Temp\pip-req-build-u4kjpz2z\opencv\modules\dnn\src\caffe\caffe_io.cpp:1121: error: (-2:Unspecified error) FAILED: fs.is_open(). Can't open "./checkpoint/deploy.prototxt" in function 'cv::dnn::ReadProtoFromTextFile'

01/08/21 19:57:44,467 ERROR Failed to identify which program on top, due to: (1400, 'SetForegroundWindow', 'Invalid window handle.')
01/08/21 19:58:04,575 DEBUG Starting new HTTPS connection (1): datamanagementapi20210728183549.azurewebsites.net:443
01/08/21 19:58:06,439 DEBUG https://datamanagementapi20210728183549.azurewebsites.net:443 "POST /api/Measurement/ HTTP/1.1" 200 276
01/08/21 19:58:23,713 ERROR OpenCV(4.5.3) C:\Users\runneradmin\AppData\Local\Temp\pip-req-build-u4kjpz2z\opencv\modules\dnn\src\caffe\caffe_io.cpp:1121: error: (-2:Unspecified error) FAILED: fs.is_open(). Can't open "./checkpoint/deploy.prototxt" in function 'cv::dnn::ReadProtoFromTextFile'

01/08/21 19:58:27,605 ERROR Failed to identify which program on top, due to: (1400, 'SetForegroundWindow', 'Invalid window handle.')
01/08/21 19:58:29,855 DEBUG Starting new HTTPS connection (1): datamanagementapi20210728183549.azurewebsites.net:443
01/08/21 19:58:31,653 DEBUG https://datamanagementapi20210728183549.azurewebsites.net:443 "POST /api/Measurement/ HTTP/1.1" 200 276
01/08/21 19:58:49,700 ERROR OpenCV(4.5.3) C:\Users\runneradmin\AppData\Local\Temp\pip-req-build-u4kjpz2z\opencv\modules\dnn\src\caffe\caffe_io.cpp:1121: error: (-2:Unspecified error) FAILED: fs.is_open(). Can't open "./checkpoint/deploy.prototxt" in function 'cv::dnn::ReadProtoFromTextFile'

01/08/21 19:59:16,213 ERROR Failed to identify which program on top, due to: (1400, 'SetForegroundWindow', 'Invalid window handle.')
01/08/21 20:03:30,827 INFO lesson started
01/08/21 20:05:27,624 INFO lesson started
01/08/21 20:06:56,906 INFO lesson started
01/08/21 20:07:44,888 INFO lesson started
01/08/21 20:11:47,426 INFO lesson started
01/08/21 20:15:12,744 INFO lesson started
01/08/21 20:21:04,326 INFO lesson started
01/08/21 20:21:20,253 ERROR Failed to identify which program on top, due to: (1400, 'SetForegroundWindow', 'Invalid window handle.')
01/08/21 20:21:20,679 DEBUG Starting new HTTPS connection (1): datamanagementapi20210728183549.azurewebsites.net:443
01/08/21 20:21:22,40 DEBUG https://datamanagementapi20210728183549.azurewebsites.net:443 "POST /api/Measurement/ HTTP/1.1" 200 276
01/08/21 20:21:30,807 ERROR Failed to identify which program on top, due to: (1400, 'SetForegroundWindow', 'Invalid window handle.')
01/08/21 20:21:30,985 DEBUG Starting new HTTPS connection (1): datamanagementapi20210728183549.azurewebsites.net:443
01/08/21 20:21:32,497 DEBUG https://datamanagementapi20210728183549.azurewebsites.net:443 "POST /api/Measurement/ HTTP/1.1" 200 276
01/08/21 20:21:55,867 INFO lesson started
01/08/21 20:21:56,447 ERROR Failed to identify which program on top, due to: (1400, 'SetForegroundWindow', 'Invalid window handle.')
01/08/21 20:21:56,884 DEBUG Starting new HTTPS connection (1): datamanagementapi20210728183549.azurewebsites.net:443
01/08/21 20:21:58,602 DEBUG https://datamanagementapi20210728183549.azurewebsites.net:443 "POST /api/Measurement/ HTTP/1.1" 200 276
01/08/21 20:22:03,765 ERROR Failed to identify which program on top, due to: (1400, 'SetForegroundWindow', 'Invalid window handle.')
01/08/21 20:22:03,961 DEBUG Starting new HTTPS connection (1): datamanagementapi20210728183549.azurewebsites.net:443
01/08/21 20:22:05,491 DEBUG https://datamanagementapi20210728183549.azurewebsites.net:443 "POST /api/Measurement/ HTTP/1.1" 200 279
01/08/21 20:22:10,666 ERROR Failed to identify which program on top, due to: (1400, 'SetForegroundWindow', 'Invalid window handle.')
01/08/21 20:22:10,828 DEBUG Starting new HTTPS connection (1): datamanagementapi20210728183549.azurewebsites.net:443
01/08/21 20:22:12,201 DEBUG https://datamanagementapi20210728183549.azurewebsites.net:443 "POST /api/Measurement/ HTTP/1.1" 200 275
01/08/21 20:22:17,379 ERROR Failed to identify which program on top, due to: (1400, 'SetForegroundWindow', 'Invalid window handle.')
01/08/21 20:22:17,562 DEBUG Starting new HTTPS connection (1): datamanagementapi20210728183549.azurewebsites.net:443
01/08/21 20:22:18,903 DEBUG https://datamanagementapi20210728183549.azurewebsites.net:443 "POST /api/Measurement/ HTTP/1.1" 200 277
01/08/21 20:22:24,142 ERROR Failed to identify which program on top, due to: (1400, 'SetForegroundWindow', 'Invalid window handle.')
01/08/21 20:22:24,271 DEBUG Starting new HTTPS connection (1): datamanagementapi20210728183549.azurewebsites.net:443
01/08/21 20:22:25,641 DEBUG https://datamanagementapi20210728183549.azurewebsites.net:443 "POST /api/Measurement/ HTTP/1.1" 200 273
01/08/21 20:22:30,825 ERROR Failed to identify which program on top, due to: (1400, 'SetForegroundWindow', 'Invalid window handle.')
01/08/21 20:22:30,994 DEBUG Starting new HTTPS connection (1): datamanagementapi20210728183549.azurewebsites.net:443
01/08/21 20:22:32,369 DEBUG https://datamanagementapi20210728183549.azurewebsites.net:443 "POST /api/Measurement/ HTTP/1.1" 200 277
01/08/21 20:22:37,589 ERROR Failed to identify which program on top, due to: (1400, 'SetForegroundWindow', 'Invalid window handle.')
01/08/21 20:22:37,752 DEBUG Starting new HTTPS connection (1): datamanagementapi20210728183549.azurewebsites.net:443
01/08/21 20:22:39,202 DEBUG https://datamanagementapi20210728183549.azurewebsites.net:443 "POST /api/Measurement/ HTTP/1.1" 200 277
